reindex hints=, language=en, stemmer_parameter=10
reindex_done data/en/sam.idx, count=811 size=21613
reindex hints=1, language=en, stemmer_parameter=10
reindex_done data/en/sam.idx, count=811 size=21613
reindex hints=1, language=sk, stemmer_parameter=10
reindex_done data/sk/sam.idx, count=572 size=11024
reindex hints=, language=en, stemmer_parameter=15
reindex_done ../data/en/sam.idx, count=880 size=21613
reindex hints=1, language=en, stemmer_parameter=15
reindex_done ../data/en/sam.idx, count=880 size=21613
reindex hints=1, language=en, stemmer_parameter=15
reindex_done ../data/en/sam.idx, count=839 size=21613
reindex hints=1, language=sk, stemmer_parameter=15
reindex_done ../data/sk/sam.idx, count=573 size=11024
reindex hints=1, language=sk, stemmer_parameter=15
reindex_done ../data/sk/sam.idx, count=573 size=11024
reindex hints=1, language=sk, stemmer_parameter=10
reindex_done ../data/sk/sam.idx, count=573 size=11024
reindex hints=1, language=en, stemmer_parameter=10
reindex_done ../data/en/sam.idx, count=839 size=21613
reindex hints=1, language=sk, stemmer_parameter=10
reindex_done ../data/sk/sam.idx, count=573 size=11024
reindex hints=1, language=en, stemmer_parameter=10
reindex_done ../data/en/sam.idx, count=839 size=21610
reindex hints=1, language=sk, stemmer_parameter=10
reindex_done ../data/sk/sam.idx, count=573 size=11021
reindex hints=1, language=sk, stemmer_parameter=10
reindex_done ../data/sk/sam.idx, count=573 size=11056
reindex hints=1, language=en, stemmer_parameter=10
reindex_done ../data/en/sam.idx, count=839 size=22437
